<?xml version="1.0" encoding="UTF-8"?>
<testng-results skipped="0" failed="0" ignored="0" total="1" passed="1">
  <reporter-output>
  </reporter-output>
  <suite name="Default suite" duration-ms="4941" started-at="2020-02-16T12:55:20 EST" finished-at="2020-02-16T12:55:25 EST">
    <groups>
    </groups>
    <test name="Default test" duration-ms="4941" started-at="2020-02-16T12:55:20 EST" finished-at="2020-02-16T12:55:25 EST">
      <class name="FirefoxPractice.TodaysPractice">
        <test-method status="PASS" signature="beforeClass()[pri:0, instance:FirefoxPractice.TodaysPractice@6737fd8f]" name="beforeClass" is-config="true" duration-ms="4894" started-at="2020-02-16T12:55:20 EST" finished-at="2020-02-16T12:55:25 EST">
          <reporter-output>
          </reporter-output>
        </test-method> <!-- beforeClass -->
        <test-method status="PASS" signature="f()[pri:0, instance:FirefoxPractice.TodaysPractice@6737fd8f]" name="f" duration-ms="6" started-at="2020-02-16T12:55:25 EST" finished-at="2020-02-16T12:55:25 EST">
          <reporter-output>
          </reporter-output>
        </test-method> <!-- f -->
        <test-method status="PASS" signature="afterClass()[pri:0, instance:FirefoxPractice.TodaysPractice@6737fd8f]" name="afterClass" is-config="true" duration-ms="1" started-at="2020-02-16T12:55:25 EST" finished-at="2020-02-16T12:55:25 EST">
          <reporter-output>
          </reporter-output>
        </test-method> <!-- afterClass -->
      </class> <!-- FirefoxPractice.TodaysPractice -->
    </test> <!-- Default test -->
  </suite> <!-- Default suite -->
</testng-results>
